# JRE version: Java(TM) SE Runtime Environment (21.0.10+8) (build 21.0.10+8-LTS-217)
# Java VM: Java HotSpot(TM) 64-Bit Server VM (21.0.10+8-LTS-217, mixed mode, sharing, tiered, compressed oops, compressed class ptrs, g1 gc, windows-amd64)
GC Precious Log:
 CardTable entry size: 512
 Card Set container configuration: InlinePtr #cards 5 size 8 Array Of Cards #cards 12 size 40 Howl #buckets 4 coarsen threshold 1843 Howl Bitmap #cards 512 size 80 coarsen threshold 460 Card regions per heap region 1 cards per card region 2048
 CPUs: 8 total, 8 available
 Memory: 7914M
 Large Page Support: Disabled
 NUMA Support: Disabled
 Compressed Oops: Enabled (32-bit)
 Heap Region Size: 1M
 Heap Min Capacity: 8M
 Heap Initial Capacity: 124M
 Heap Max Capacity: 512M
 Pre-touch: Disabled
 Parallel Workers: 8
 Concurrent Workers: 2
 Concurrent Refinement Workers: 8
 Periodic GC: Disabled
Heap:
 garbage-first heap   total 45056K, used 18287K [0x00000000e0000000, 0x0000000100000000)
  region size 1024K, 10 young (10240K), 4 survivors (4096K)
 Metaspace       used 26728K, committed 27264K, reserved 278528K
  class space    used 3331K, committed 3584K, reserved 212992K
GC Heap History (8 events):
Event: 0.879 GC heap before
{Heap before GC invocations=0 (full 0):
 garbage-first heap   total 126976K, used 24576K [0x00000000e0000000, 0x0000000100000000)
  region size 1024K, 23 young (23552K), 0 survivors (0K)
 Metaspace       used 7368K, committed 7552K, reserved 278528K
  class space    used 882K, committed 960K, reserved 212992K
}
Event: 0.884 GC heap after
{Heap after GC invocations=1 (full 0):
 garbage-first heap   total 126976K, used 7344K [0x00000000e0000000, 0x0000000100000000)
  region size 1024K, 3 young (3072K), 3 survivors (3072K)
 Metaspace       used 7368K, committed 7552K, reserved 278528K
  class space    used 882K, committed 960K, reserved 212992K
}
Event: 1.745 GC heap before
{Heap before GC invocations=1 (full 0):
 garbage-first heap   total 126976K, used 33968K [0x00000000e0000000, 0x0000000100000000)
  region size 1024K, 30 young (30720K), 3 survivors (3072K)
 Metaspace       used 15815K, committed 16256K, reserved 278528K
  class space    used 1962K, committed 2176K, reserved 212992K
}
Event: 1.750 GC heap after
{Heap after GC invocations=2 (full 0):
 garbage-first heap   total 126976K, used 9834K [0x00000000e0000000, 0x0000000100000000)
  region size 1024K, 3 young (3072K), 3 survivors (3072K)
 Metaspace       used 15815K, committed 16256K, reserved 278528K
  class space    used 1962K, committed 2176K, reserved 212992K
}
Event: 2.251 GC heap before
{Heap before GC invocations=2 (full 0):
 garbage-first heap   total 126976K, used 22122K [0x00000000e0000000, 0x0000000100000000)
  region size 1024K, 17 young (17408K), 3 survivors (3072K)
 Metaspace       used 20986K, committed 21504K, reserved 278528K
  class space    used 2570K, committed 2816K, reserved 212992K
}
Event: 2.255 GC heap after
{Heap after GC invocations=3 (full 0):
 garbage-first heap   total 126976K, used 11473K [0x00000000e0000000, 0x0000000100000000)
  region size 1024K, 4 young (4096K), 4 survivors (4096K)
 Metaspace       used 20986K, committed 21504K, reserved 278528K
  class space    used 2570K, committed 2816K, reserved 212992K
}
Event: 14.082 GC heap before
{Heap before GC invocations=4 (full 0):
 garbage-first heap   total 45056K, used 32977K [0x00000000e0000000, 0x0000000100000000)
  region size 1024K, 26 young (26624K), 4 survivors (4096K)
 Metaspace       used 25903K, committed 26432K, reserved 278528K
  class space    used 3232K, committed 3456K, reserved 212992K
}
Event: 14.094 GC heap after
{Heap after GC invocations=5 (full 0):
 garbage-first heap   total 45056K, used 13167K [0x00000000e0000000, 0x0000000100000000)
  region size 1024K, 4 young (4096K), 4 survivors (4096K)
 Metaspace       used 25903K, committed 26432K, reserved 278528K
  class space    used 3232K, committed 3456K, reserved 212992K
}

